2025-07-28 21:29:43,531 - MediaWikiApp - INFO - Configurações salvas com sucesso!
2025-07-28 21:31:31,538 - MediaWikiApp - INFO - Tentando conectar em: https://wiki.hepta.com.br/w/api.php
2025-07-28 21:31:31,791 - MediaWikiApp - INFO - ERRO: Erro durante o login: Erro na requisição: HTTPSConnectionPool(host='wiki.hepta.com.br', port=443): Max retries exceeded with url: /w/api.php?action=query&meta=tokens&type=login&format=json (Caused by SSLError(SSLCertVerificationError(1, '[SSL: CERTIFICATE_VERIFY_FAILED] certificate verify failed: unable to get local issuer certificate (_ssl.c:1028)')))
2025-07-28 21:35:24,288 - MediaWikiApp - INFO - Configurações salvas com sucesso!
2025-07-28 21:35:25,875 - MediaWikiApp - INFO - Tentando conectar em: https://wiki.hepta.com.br/w/api.php
2025-07-28 21:35:25,885 - MediaWikiApp - INFO - AVISO: Verificação SSL desabilitada
2025-07-28 21:35:26,723 - MediaWikiApp - INFO - Conexão estabelecida com sucesso!
2025-07-28 21:37:05,516 - MediaWikiApp - INFO - Testando conexão - consultando informações do site...
2025-07-28 21:37:05,798 - MediaWikiApp - INFO - Teste bem-sucedido!
2025-07-28 21:37:05,806 - MediaWikiApp - INFO - Nome do site: Wiki Hepta
2025-07-28 21:37:05,808 - MediaWikiApp - INFO - Versão: MediaWiki 1.29.1
2025-07-28 21:37:13,907 - MediaWikiApp - INFO - Configurações salvas com sucesso!
2025-07-28 21:42:06,886 - MediaWikiApp - INFO - Tentando conectar em: https://wiki.hepta.com.br/w/api.php
2025-07-28 21:42:06,890 - MediaWikiApp - INFO - AVISO: Verificação SSL desabilitada
2025-07-28 21:42:07,622 - MediaWikiApp - INFO - Conexão estabelecida com sucesso!
2025-07-28 21:42:35,674 - MediaWikiApp - INFO - Desconectado com sucesso!
2025-07-28 21:42:49,278 - MediaWikiApp - INFO - Tentando conectar em: https://wiki.hepta.com.br/w/api.php
2025-07-28 21:42:49,291 - MediaWikiApp - INFO - AVISO: Verificação SSL desabilitada
2025-07-28 21:42:49,995 - MediaWikiApp - INFO - Conexão estabelecida com sucesso!
2025-07-28 21:50:15,040 - MediaWikiApp - INFO - Tentando conectar em: https://wiki.hepta.com.br/w/api.php
2025-07-28 21:50:15,048 - MediaWikiApp - INFO - AVISO: Verificação SSL desabilitada
2025-07-28 21:50:15,737 - MediaWikiApp - INFO - Conexão estabelecida com sucesso!
2025-07-28 21:50:26,410 - MediaWikiApp - INFO - Obtendo lista de prefixos de páginas...
2025-07-28 21:50:26,509 - MediaWikiApp - INFO - Encontrados 0 prefixos
2025-07-28 21:50:30,453 - MediaWikiApp - INFO - Obtendo lista de prefixos de páginas...
2025-07-28 21:50:30,563 - MediaWikiApp - INFO - Encontrados 0 prefixos
2025-07-28 21:56:57,311 - MediaWikiApp - INFO - Tentando conectar em: https://wiki.hepta.com.br/w/api.php
2025-07-28 21:56:57,316 - MediaWikiApp - INFO - AVISO: Verificação SSL desabilitada
2025-07-28 21:56:58,042 - MediaWikiApp - INFO - Conexão estabelecida com sucesso!
2025-07-28 21:57:04,217 - MediaWikiApp - INFO - Obtendo lista de prefixos de páginas...
2025-07-28 21:57:04,311 - MediaWikiApp - INFO - Encontrados 0 prefixos
2025-07-28 21:57:07,072 - MediaWikiApp - INFO - Testando conexão - consultando informações do site...
2025-07-28 21:57:07,160 - MediaWikiApp - INFO - Teste bem-sucedido!
2025-07-28 21:57:07,161 - MediaWikiApp - INFO - Nome do site: Wiki Hepta
2025-07-28 21:57:07,161 - MediaWikiApp - INFO - Versão: MediaWiki 1.29.1
2025-07-28 21:57:43,035 - MediaWikiApp - INFO - Desconectado com sucesso!
2025-07-28 22:01:26,908 - MediaWikiApp - INFO - Tentando conectar em: https://wiki.hepta.com.br/w/api.php
2025-07-28 22:01:26,909 - MediaWikiApp - INFO - AVISO: Verificação SSL desabilitada
2025-07-28 22:01:27,741 - MediaWikiApp - INFO - Conexão estabelecida com sucesso!
2025-07-28 22:01:31,874 - MediaWikiApp - INFO - Obtendo lista de namespaces/prefixos...
2025-07-28 22:01:31,982 - MediaWikiApp - INFO - Encontrados 28 namespaces
2025-07-28 22:04:32,512 - MediaWikiApp - INFO - Desconectado com sucesso!
2025-07-28 22:05:02,076 - MediaWikiApp - INFO - Tentando conectar em: https://wiki.hepta.com.br/w/api.php
2025-07-28 22:05:02,091 - MediaWikiApp - INFO - AVISO: Verificação SSL desabilitada
2025-07-28 22:05:02,905 - MediaWikiApp - INFO - Conexão estabelecida com sucesso!
2025-07-28 22:05:07,367 - MediaWikiApp - INFO - Obtendo lista de todas as páginas...
2025-07-28 22:05:29,511 - MediaWikiApp - INFO - Encontradas 7952 páginas na wiki
2025-07-28 22:20:19,460 - MediaWikiApp - INFO - Tentando conectar em: https://wiki.hepta.com.br/w/api.php
2025-07-28 22:20:19,466 - MediaWikiApp - INFO - AVISO: Verificação SSL desabilitada
2025-07-28 22:20:20,563 - MediaWikiApp - INFO - Conexão estabelecida com sucesso!
2025-07-28 22:20:31,128 - MediaWikiApp - INFO - Obtendo lista de todas as páginas...
2025-07-28 22:21:10,458 - MediaWikiApp - INFO - Encontradas 7952 páginas na wiki
2025-07-28 22:28:34,197 - MediaWikiApp - INFO - Tentando conectar em: https://wiki.hepta.com.br/w/api.php
2025-07-28 22:28:34,198 - MediaWikiApp - INFO - AVISO: Verificação SSL desabilitada
2025-07-28 22:28:35,281 - MediaWikiApp - INFO - Conexão estabelecida com sucesso!
2025-07-28 22:28:42,302 - MediaWikiApp - INFO - ERRO: Liste as páginas primeiro
2025-07-28 22:28:48,287 - MediaWikiApp - INFO - Obtendo lista de todas as páginas...
2025-07-28 22:29:47,907 - MediaWikiApp - INFO - Encontradas 7952 páginas na wiki
2025-07-28 22:32:22,481 - MediaWikiApp - INFO - Iniciando extração de 3 páginas selecionadas...
2025-07-28 22:32:22,785 - MediaWikiApp - INFO - Extração completa: 3 páginas extraídas com sucesso
2025-07-28 22:47:32,304 - MediaWikiApp - INFO - Tentando conectar em: https://wiki.hepta.com.br/w/api.php
2025-07-28 22:47:32,324 - MediaWikiApp - INFO - AVISO: Verificação SSL desabilitada
2025-07-28 22:47:33,733 - MediaWikiApp - INFO - Conexão estabelecida com sucesso!
2025-07-28 22:47:41,083 - MediaWikiApp - INFO - Obtendo lista de todas as páginas...
2025-07-28 22:48:40,346 - MediaWikiApp - INFO - Encontradas 7952 páginas na wiki
2025-07-28 22:49:49,296 - MediaWikiApp - INFO - Iniciando extração HTML de 1 páginas selecionadas...
2025-07-28 22:49:49,692 - MediaWikiApp - INFO - Extração HTML completa: 1 páginas extraídas com sucesso
2025-07-28 22:49:56,238 - MediaWikiApp - INFO - Salvando arquivos em: exported_pages_20250728_224956
2025-07-28 22:49:56,261 - MediaWikiApp - INFO - Salvamento completo: 1 arquivos em 'exported_pages_20250728_224956'
2025-07-28 22:59:57,399 - MediaWikiApp - INFO - Desconectado com sucesso!
2025-07-28 23:00:51,941 - MediaWikiApp - INFO - Tentando conectar em: https://wiki.hepta.com.br/w/api.php
2025-07-28 23:00:51,942 - MediaWikiApp - INFO - AVISO: Verificação SSL desabilitada
2025-07-28 23:00:53,003 - MediaWikiApp - INFO - Conexão estabelecida com sucesso!
2025-07-28 23:00:58,492 - MediaWikiApp - INFO - Obtendo lista de todas as páginas...
2025-07-28 23:01:57,364 - MediaWikiApp - INFO - Encontradas 7952 páginas na wiki
2025-07-28 23:02:57,078 - MediaWikiApp - INFO - Iniciando extração HTML de 1 páginas selecionadas...
2025-07-28 23:02:57,408 - MediaWikiApp - INFO - Extração HTML completa: 1 páginas extraídas com sucesso
2025-07-28 23:03:03,330 - MediaWikiApp - INFO - Salvando arquivos em: exported_pages_20250728_230303
2025-07-28 23:03:03,351 - MediaWikiApp - INFO - Salvamento completo: 1 arquivos em 'exported_pages_20250728_230303'
2025-07-28 23:05:40,552 - MediaWikiApp - INFO - Iniciando extração HTML de 2 páginas selecionadas...
2025-07-28 23:05:41,399 - MediaWikiApp - INFO - Extração HTML completa: 1 páginas extraídas com sucesso
2025-07-28 23:06:44,641 - MediaWikiApp - INFO - Salvando arquivos em: exported_pages_20250728_230644
2025-07-28 23:06:44,661 - MediaWikiApp - INFO - Salvamento completo: 1 arquivos em 'exported_pages_20250728_230644'
2025-07-28 23:08:27,466 - MediaWikiApp - INFO - Iniciando extração HTML de 1 páginas selecionadas...
2025-07-28 23:08:27,684 - MediaWikiApp - INFO - Extração HTML completa: 0 páginas extraídas com sucesso
2025-07-28 23:08:30,511 - MediaWikiApp - INFO - Salvando arquivos em: exported_pages_20250728_230830
2025-07-28 23:08:30,530 - MediaWikiApp - INFO - Salvamento completo: 0 arquivos em 'exported_pages_20250728_230830'
2025-07-28 23:16:00,373 - MediaWikiApp - INFO - Tentando conectar em: https://wiki.hepta.com.br/w/api.php
2025-07-28 23:16:00,374 - MediaWikiApp - INFO - AVISO: Verificação SSL desabilitada
2025-07-28 23:16:01,412 - MediaWikiApp - INFO - Conexão estabelecida com sucesso!
2025-07-28 23:16:09,684 - MediaWikiApp - INFO - Obtendo lista de todas as páginas...
2025-07-28 23:17:11,478 - MediaWikiApp - INFO - Encontradas 7952 páginas na wiki
2025-07-28 23:19:46,097 - MediaWikiApp - INFO - Iniciando extração HTML de 1 páginas selecionadas...
2025-07-28 23:19:46,443 - MediaWikiApp - INFO - Extração HTML completa: 1 páginas extraídas com sucesso, 0 falharam
2025-07-28 23:19:50,980 - MediaWikiApp - INFO - Salvando arquivos em: exported_pages_20250728_231950
2025-07-28 23:19:51,003 - MediaWikiApp - INFO - Salvamento completo: 1 arquivos em 'exported_pages_20250728_231950'
2025-07-28 23:31:17,151 - MediaWikiApp - INFO - Iniciando extração HTML de 1 páginas selecionadas...
2025-07-28 23:31:17,522 - MediaWikiApp - INFO - Extração HTML completa: 1 páginas extraídas com sucesso, 0 falharam
2025-07-28 23:31:20,242 - MediaWikiApp - INFO - Salvando arquivos em: exported_pages_20250728_233120
2025-07-28 23:31:20,264 - MediaWikiApp - INFO - Salvamento completo: 1 arquivos em 'exported_pages_20250728_233120'
2025-07-28 23:45:32,571 - MediaWikiApp - INFO - Desconectado com sucesso!
2025-07-28 23:46:28,834 - MediaWikiApp - INFO - Tentando conectar em: https://wiki.hepta.com.br/w/api.php
2025-07-28 23:46:28,835 - MediaWikiApp - INFO - AVISO: Verificação SSL desabilitada
2025-07-28 23:46:30,098 - MediaWikiApp - INFO - Conexão estabelecida com sucesso!
2025-07-28 23:46:34,750 - MediaWikiApp - INFO - Obtendo lista de todas as páginas...
2025-07-28 23:47:34,490 - MediaWikiApp - INFO - Encontradas 7952 páginas na wiki
2025-07-28 23:51:29,244 - MediaWikiApp - INFO - Iniciando extração de wikitext de 1 páginas selecionadas...
2025-07-28 23:51:29,446 - MediaWikiApp - INFO - Extração wikitext completa: 0 páginas extraídas com sucesso, 1 falharam
2025-07-28 23:55:47,560 - MediaWikiApp - INFO - Tentando conectar em: https://wiki.hepta.com.br/w/api.php
2025-07-28 23:55:47,561 - MediaWikiApp - INFO - AVISO: Verificação SSL desabilitada
2025-07-28 23:55:48,576 - MediaWikiApp - INFO - Conexão estabelecida com sucesso!
2025-07-28 23:55:55,297 - MediaWikiApp - INFO - Obtendo lista de todas as páginas...
2025-07-28 23:56:53,577 - MediaWikiApp - INFO - Encontradas 7952 páginas na wiki
2025-07-29 00:02:35,583 - MediaWikiApp - INFO - Iniciando extração de wikitext de 1 páginas selecionadas...
2025-07-29 00:02:35,850 - MediaWikiApp - INFO - Extração wikitext completa: 0 páginas extraídas, 1 sem permissão
2025-07-29 00:02:35,851 - MediaWikiApp - INFO - AVISO: 1 páginas não puderam ser acessadas devido a restrições de permissão
2025-07-29 00:02:35,851 - MediaWikiApp - INFO - Considere usar uma conta com mais privilégios ou solicitar acesso ao administrador
2025-07-29 00:03:29,188 - MediaWikiApp - INFO - Testando conexão - consultando informações do site...
2025-07-29 00:03:29,473 - MediaWikiApp - INFO - Teste bem-sucedido!
2025-07-29 00:03:29,473 - MediaWikiApp - INFO - Nome do site: Wiki Hepta
2025-07-29 00:03:29,473 - MediaWikiApp - INFO - Versão: MediaWiki 1.29.1
2025-07-29 00:03:36,326 - MediaWikiApp - INFO - Iniciando extração de wikitext de 1 páginas selecionadas...
2025-07-29 00:03:36,501 - MediaWikiApp - INFO - Extração wikitext completa: 0 páginas extraídas, 1 sem permissão
2025-07-29 00:03:36,506 - MediaWikiApp - INFO - AVISO: 1 páginas não puderam ser acessadas devido a restrições de permissão
2025-07-29 00:03:36,506 - MediaWikiApp - INFO - Considere usar uma conta com mais privilégios ou solicitar acesso ao administrador
2025-07-29 00:12:34,781 - MediaWikiApp - INFO - Tentando conectar em: https://wiki.hepta.com.br/w/api.php
2025-07-29 00:12:34,782 - MediaWikiApp - INFO - AVISO: Verificação SSL desabilitada
2025-07-29 00:12:37,021 - MediaWikiApp - INFO - Conexão estabelecida com sucesso!
2025-07-29 00:12:51,373 - MediaWikiApp - INFO - Obtendo lista de todas as páginas...
2025-07-29 00:13:50,777 - MediaWikiApp - INFO - Encontradas 7952 páginas na wiki
2025-07-29 00:15:38,728 - MediaWikiApp - INFO - Iniciando extração direta em markdown de 1 páginas selecionadas...
2025-07-29 00:15:38,906 - MediaWikiApp - INFO - Extração markdown completa: 0 páginas extraídas, 1 sem permissão
2025-07-29 00:15:38,907 - MediaWikiApp - INFO - AVISO: 1 páginas não puderam ser acessadas devido a restrições de permissão
2025-07-29 00:15:38,907 - MediaWikiApp - INFO - Considere usar uma conta com mais privilégios ou solicitar acesso ao administrador
2025-07-29 00:26:11,830 - MediaWikiApp - INFO - Tentando conectar em: https://wiki.hepta.com.br/w/api.php
2025-07-29 00:26:11,834 - MediaWikiApp - INFO - AVISO: Verificação SSL desabilitada
2025-07-29 00:26:12,852 - MediaWikiApp - INFO - Conexão estabelecida com sucesso!
2025-07-29 00:26:19,889 - MediaWikiApp - INFO - Obtendo lista de todas as páginas...
2025-07-29 00:27:19,152 - MediaWikiApp - INFO - Encontradas 7952 páginas na wiki
2025-07-29 00:28:22,571 - MediaWikiApp - INFO - Iniciando extração direta em markdown de 1 páginas selecionadas...
2025-07-29 00:28:22,739 - MediaWikiApp - INFO - Extração markdown completa: 0 páginas extraídas, 1 sem permissão
2025-07-29 00:28:22,739 - MediaWikiApp - INFO - AVISO: 1 páginas não puderam ser acessadas devido a restrições de permissão
2025-07-29 00:28:22,740 - MediaWikiApp - INFO - Considere usar uma conta com mais privilégios ou solicitar acesso ao administrador
2025-07-29 00:35:40,734 - MediaWikiApp - INFO - Tentando conectar em: https://wiki.hepta.com.br/w/api.php
2025-07-29 00:35:40,736 - MediaWikiApp - INFO - AVISO: Verificação SSL desabilitada
2025-07-29 00:35:40,736 - MediaWikiApp - INFO - INFO: Modo bypass de restrições ativado
2025-07-29 00:35:42,133 - MediaWikiApp - INFO - Conexão estabelecida com sucesso!
2025-07-29 00:35:47,619 - MediaWikiApp - INFO - Obtendo lista de todas as páginas...
2025-07-29 00:36:46,640 - MediaWikiApp - INFO - Encontradas 7952 páginas na wiki
2025-07-29 00:38:28,376 - MediaWikiApp - INFO - Iniciando extração direta em markdown de 1 páginas selecionadas...
2025-07-29 00:38:29,441 - MediaWikiApp - INFO - Extração markdown completa: 1 páginas extraídas
2025-07-29 00:38:53,196 - MediaWikiApp - INFO - Salvando arquivos Markdown em: exported_markdown_20250729_003853
2025-07-29 00:38:53,199 - MediaWikiApp - INFO - ERRO ao salvar '/Arquivos da Área de Trabalho e/ou Computador Sumiram/Mostrar Ícones da Área de Trabalho Desabilitado': 'MediaWikiApp' object has no attribute '_sanitize_filename'
2025-07-29 00:38:53,227 - MediaWikiApp - INFO - ERRO ao salvar arquivos: 'MediaWikiApp' object has no attribute '_create_markdown_index'
2025-07-29 00:41:57,024 - MediaWikiApp - INFO - Tentando conectar em: https://wiki.hepta.com.br/w/api.php
2025-07-29 00:41:57,026 - MediaWikiApp - INFO - AVISO: Verificação SSL desabilitada
2025-07-29 00:41:57,027 - MediaWikiApp - INFO - INFO: Modo bypass de restrições ativado
2025-07-29 00:41:58,305 - MediaWikiApp - INFO - Conexão estabelecida com sucesso!
2025-07-29 00:42:04,245 - MediaWikiApp - INFO - Obtendo lista de todas as páginas...
2025-07-29 00:43:03,222 - MediaWikiApp - INFO - Encontradas 7952 páginas na wiki
2025-07-29 00:44:49,991 - MediaWikiApp - INFO - Iniciando extração direta em markdown de 1 páginas selecionadas...
2025-07-29 00:44:51,032 - MediaWikiApp - INFO - Extração markdown completa: 1 páginas extraídas
2025-07-29 00:45:01,137 - MediaWikiApp - INFO - Salvando arquivos Markdown em: exported_markdown_20250729_004501
2025-07-29 00:45:01,160 - MediaWikiApp - INFO - Salvamento completo: 1 arquivos Markdown salvos em 'exported_markdown_20250729_004501'
2025-07-29 00:46:52,172 - MediaWikiApp - INFO - Iniciando extração direta em markdown de 2 páginas selecionadas...
2025-07-29 00:46:53,887 - MediaWikiApp - INFO - Extração markdown completa: 2 páginas extraídas
2025-07-29 00:47:01,229 - MediaWikiApp - INFO - Salvando arquivos Markdown em: exported_markdown_20250729_004701
2025-07-29 00:47:01,255 - MediaWikiApp - INFO - Salvamento completo: 2 arquivos Markdown salvos em 'exported_markdown_20250729_004701'
2025-07-29 00:48:09,312 - MediaWikiApp - INFO - Iniciando extração direta em markdown de 3 páginas selecionadas...
2025-07-29 00:48:11,935 - MediaWikiApp - INFO - Extração markdown completa: 3 páginas extraídas
2025-07-29 00:48:20,191 - MediaWikiApp - INFO - Salvando arquivos Markdown em: exported_markdown_20250729_004820
2025-07-29 00:48:20,386 - MediaWikiApp - INFO - Salvamento completo: 3 arquivos Markdown salvos em 'exported_markdown_20250729_004820'
2025-07-29 00:51:25,826 - MediaWikiApp - INFO - Iniciando extração direta em markdown de 4 páginas selecionadas...
2025-07-29 00:51:28,991 - MediaWikiApp - INFO - Extração markdown completa: 4 páginas extraídas
2025-07-29 00:51:36,774 - MediaWikiApp - INFO - Salvando arquivos Markdown em: exported_markdown_20250729_005136
2025-07-29 00:51:36,973 - MediaWikiApp - INFO - Salvamento completo: 4 arquivos Markdown salvos em 'exported_markdown_20250729_005136'
2025-07-29 00:54:40,708 - MediaWikiApp - INFO - Iniciando extração direta em markdown de 10 páginas selecionadas...
2025-07-29 00:54:50,365 - MediaWikiApp - INFO - Extração markdown completa: 10 páginas extraídas
2025-07-29 00:54:53,212 - MediaWikiApp - INFO - Salvando arquivos Markdown em: exported_markdown_20250729_005453
2025-07-29 00:54:53,573 - MediaWikiApp - INFO - Salvamento completo: 10 arquivos Markdown salvos em 'exported_markdown_20250729_005453'
2025-07-29 00:58:57,852 - MediaWikiApp - INFO - Iniciando extração direta em markdown de 13 páginas selecionadas...
2025-07-29 00:59:08,208 - MediaWikiApp - INFO - Extração markdown completa: 13 páginas extraídas
2025-07-29 00:59:12,094 - MediaWikiApp - INFO - Salvando arquivos Markdown em: exported_markdown_20250729_005912
2025-07-29 00:59:12,868 - MediaWikiApp - INFO - Salvamento completo: 13 arquivos Markdown salvos em 'exported_markdown_20250729_005912'
2025-07-29 01:02:46,519 - MediaWikiApp - INFO - Iniciando extração direta em markdown de 15 páginas selecionadas...
2025-07-29 01:02:55,557 - MediaWikiApp - INFO - Salvando arquivos Markdown em: exported_markdown_20250729_010255
2025-07-29 01:02:56,150 - MediaWikiApp - INFO - Salvamento completo: 13 arquivos Markdown salvos em 'exported_markdown_20250729_010255'
2025-07-29 01:03:00,305 - MediaWikiApp - INFO - Extração markdown completa: 15 páginas extraídas
2025-07-29 01:07:07,590 - MediaWikiApp - INFO - Iniciando extração direta em markdown de 21 páginas selecionadas...
2025-07-29 01:07:23,604 - MediaWikiApp - INFO - Salvando arquivos Markdown em: exported_markdown_20250729_010723
2025-07-29 01:07:24,000 - MediaWikiApp - INFO - Salvamento completo: 15 arquivos Markdown salvos em 'exported_markdown_20250729_010723'
2025-07-29 01:07:24,002 - MediaWikiApp - INFO - Extração markdown completa: 21 páginas extraídas
2025-07-29 01:15:34,813 - MediaWikiApp - INFO - Tentando conectar em: https://wiki.hepta.com.br/w/api.php
2025-07-29 01:15:34,813 - MediaWikiApp - INFO - AVISO: Verificação SSL desabilitada
2025-07-29 01:15:34,814 - MediaWikiApp - INFO - INFO: Modo bypass de restrições ativado
2025-07-29 01:15:36,095 - MediaWikiApp - INFO - Conexão estabelecida com sucesso!
2025-07-29 01:15:39,611 - MediaWikiApp - INFO - Obtendo lista de todas as páginas...
2025-07-29 01:16:38,972 - MediaWikiApp - INFO - Encontradas 7952 páginas na wiki
2025-07-29 01:18:23,502 - MediaWikiApp - INFO - Iniciando extração direta em markdown de 3 páginas selecionadas...
2025-07-29 01:18:23,502 - MediaWikiApp - INFO - Expansão de templates: Ativada
2025-07-29 01:18:27,988 - MediaWikiApp - INFO - Extração markdown completa: 3 páginas extraídas
2025-07-29 01:18:30,955 - MediaWikiApp - INFO - Salvando arquivos Markdown em: exported_markdown_20250729_011830
2025-07-29 01:18:31,140 - MediaWikiApp - INFO - Salvamento completo: 3 arquivos Markdown salvos em 'exported_markdown_20250729_011830'
2025-07-29 11:39:03,564 - MediaWikiApp - INFO - Tentando conectar em: https://wiki.hepta.com.br/w/api.php
2025-07-29 11:39:03,570 - MediaWikiApp - INFO - AVISO: Verificação SSL desabilitada
2025-07-29 11:39:03,570 - MediaWikiApp - INFO - INFO: Modo bypass de restrições ativado
2025-07-29 11:39:05,412 - MediaWikiApp - INFO - ERRO: Falha na autenticação
2025-07-29 11:39:15,815 - MediaWikiApp - INFO - Tentando conectar em: https://wiki.hepta.com.br/w/api.php
2025-07-29 11:39:15,830 - MediaWikiApp - INFO - AVISO: Verificação SSL desabilitada
2025-07-29 11:39:15,831 - MediaWikiApp - INFO - INFO: Modo bypass de restrições ativado
2025-07-29 11:39:17,040 - MediaWikiApp - INFO - Conexão estabelecida com sucesso!
2025-07-29 11:39:22,460 - MediaWikiApp - INFO - Obtendo lista de todas as páginas...
2025-07-29 11:40:55,126 - MediaWikiApp - INFO - Encontradas 7952 páginas na wiki
2025-07-29 21:50:57,971 - MediaWikiApp - INFO - Tentando conectar em: https://wiki.hepta.com.br/w/api.php
2025-07-29 21:50:57,990 - MediaWikiApp - INFO - AVISO: Verificação SSL desabilitada
2025-07-29 21:50:57,990 - MediaWikiApp - INFO - INFO: Modo bypass de restrições ativado
2025-07-29 21:50:59,417 - MediaWikiApp - INFO - Conexão estabelecida com sucesso!
2025-07-29 21:51:05,007 - MediaWikiApp - INFO - Buscando páginas da API para atualizar cache...
2025-07-29 21:51:48,194 - MediaWikiApp - INFO - Cache atualizado: 7952 páginas (7952 novas)
2025-07-29 21:51:55,432 - MediaWikiApp - INFO - Exibindo cache: 7952 páginas pendentes
2025-07-29 21:52:20,300 - MediaWikiApp - INFO - Cache carregado com 7952 páginas
2025-07-29 21:52:34,563 - MediaWikiApp - INFO - Buscando páginas da API para atualizar cache...
2025-07-29 21:52:49,396 - MediaWikiApp - INFO - Cache atualizado: 7952 páginas (0 novas)
2025-07-29 21:54:18,277 - MediaWikiApp - INFO - Cache carregado com 7952 páginas
2025-07-29 21:54:27,216 - MediaWikiApp - INFO - Buscando páginas da API para atualizar cache...
2025-07-29 21:54:45,347 - MediaWikiApp - INFO - Cache atualizado: 7952 páginas (0 novas)
2025-07-29 21:55:04,064 - MediaWikiApp - INFO - Obtendo lista de namespaces/prefixos...
2025-07-29 21:55:04,284 - MediaWikiApp - INFO - Encontrados 28 namespaces
2025-07-29 21:55:11,583 - MediaWikiApp - INFO - Testando conexão - consultando informações do site...
2025-07-29 21:55:11,810 - MediaWikiApp - INFO - Teste bem-sucedido!
2025-07-29 21:55:11,810 - MediaWikiApp - INFO - Nome do site: Wiki Hepta
2025-07-29 21:55:11,810 - MediaWikiApp - INFO - Versão: MediaWiki 1.29.1
2025-07-29 21:59:33,619 - MediaWikiApp - INFO - Tentando conectar em: https://wiki.hepta.com.br/w/api.php
2025-07-29 21:59:33,640 - MediaWikiApp - INFO - AVISO: Verificação SSL desabilitada
2025-07-29 21:59:33,640 - MediaWikiApp - INFO - INFO: Modo bypass de restrições ativado
2025-07-29 21:59:34,957 - MediaWikiApp - INFO - Conexão estabelecida com sucesso!
2025-07-29 21:59:41,988 - MediaWikiApp - INFO - Cache carregado com 7952 páginas
2025-07-29 22:08:42,052 - MediaWikiApp - INFO - Exibindo cache: 7952 páginas pendentes
2025-07-29 22:09:07,364 - MediaWikiApp - INFO - Cache carregado com 7952 páginas
2025-07-29 22:50:12,531 - MediaWikiApp - INFO - Tentando conectar em: https://wiki.hepta.com.br/w/api.php
2025-07-29 22:50:12,550 - MediaWikiApp - INFO - AVISO: Verificação SSL desabilitada
2025-07-29 22:50:12,550 - MediaWikiApp - INFO - INFO: Modo bypass de restrições ativado
2025-07-29 22:50:13,819 - MediaWikiApp - INFO - Conexão estabelecida com sucesso!
2025-07-29 22:50:20,788 - MediaWikiApp - INFO - Buscando páginas da API para atualizar cache...
2025-07-29 22:50:58,769 - MediaWikiApp - INFO - Cache atualizado: 7952 páginas (0 novas)
2025-07-29 22:57:35,641 - MediaWikiApp - INFO - Testando conexão - consultando informações do site...
2025-07-29 22:57:35,914 - MediaWikiApp - INFO - Teste bem-sucedido!
2025-07-29 22:57:35,915 - MediaWikiApp - INFO - Nome do site: Wiki Hepta
2025-07-29 22:57:35,915 - MediaWikiApp - INFO - Versão: MediaWiki 1.29.1
2025-07-30 22:14:01,677 - MediaWikiApp - INFO - Tentando conectar em: https://wiki.hepta.com.br/w/api.php
2025-07-30 22:14:01,678 - MediaWikiApp - INFO - AVISO: Verificação SSL desabilitada
2025-07-30 22:14:01,679 - MediaWikiApp - INFO - INFO: Modo bypass de restrições ativado
2025-07-30 22:14:03,214 - MediaWikiApp - INFO - Conexão estabelecida com sucesso!
2025-07-30 22:21:20,216 - MediaWikiApp - INFO - Tentando conectar em: https://wiki.hepta.com.br/w/api.php
2025-07-30 22:21:20,218 - MediaWikiApp - INFO - AVISO: Verificação SSL desabilitada
2025-07-30 22:21:20,219 - MediaWikiApp - INFO - INFO: Modo bypass de restrições ativado
2025-07-30 22:21:21,469 - MediaWikiApp - INFO - Conexão estabelecida com sucesso!
2025-07-30 22:22:06,089 - MediaWikiApp - INFO - Buscando páginas da API para atualizar cache...
2025-07-30 22:22:44,979 - MediaWikiApp - INFO - Cache atualizado: 7952 páginas (0 novas)
2025-07-30 22:35:30,227 - MediaWikiApp - INFO - Tentando conectar em: https://wiki.hepta.com.br/w/api.php
2025-07-30 22:35:30,229 - MediaWikiApp - INFO - AVISO: Verificação SSL desabilitada
2025-07-30 22:35:30,229 - MediaWikiApp - INFO - INFO: Modo bypass de restrições ativado
2025-07-30 22:35:31,547 - MediaWikiApp - INFO - Conexão estabelecida com sucesso!
2025-07-30 22:35:58,420 - MediaWikiApp - INFO - Buscando páginas da API para atualizar cache...
2025-07-30 22:36:36,263 - MediaWikiApp - INFO - Cache atualizado: 7952 páginas (0 novas)
2025-07-30 22:42:32,459 - MediaWikiApp - INFO - Tentando conectar em: https://wiki.hepta.com.br/w/api.php
2025-07-30 22:42:32,460 - MediaWikiApp - INFO - AVISO: Verificação SSL desabilitada
2025-07-30 22:42:32,461 - MediaWikiApp - INFO - INFO: Modo bypass de restrições ativado
2025-07-30 22:42:34,010 - MediaWikiApp - INFO - ERRO: Falha na autenticação
2025-07-30 22:42:38,057 - MediaWikiApp - INFO - Tentando conectar em: https://wiki.hepta.com.br/w/api.php
2025-07-30 22:42:38,059 - MediaWikiApp - INFO - AVISO: Verificação SSL desabilitada
2025-07-30 22:42:38,059 - MediaWikiApp - INFO - INFO: Modo bypass de restrições ativado
2025-07-30 22:42:39,253 - MediaWikiApp - INFO - Conexão estabelecida com sucesso!
2025-07-30 22:42:59,986 - MediaWikiApp - INFO - Cache carregado com 7952 páginas
2025-07-30 22:43:25,667 - MediaWikiApp - INFO - Testando conexão - consultando informações do site...
2025-07-30 22:43:25,925 - MediaWikiApp - INFO - Teste bem-sucedido!
2025-07-30 22:43:25,925 - MediaWikiApp - INFO - Nome do site: Wiki Hepta
2025-07-30 22:43:25,925 - MediaWikiApp - INFO - Versão: MediaWiki 1.29.1
2025-07-30 22:54:26,384 - MediaWikiApp - INFO - Tentando conectar em: https://wiki.hepta.com.br/w/api.php
2025-07-30 22:54:26,385 - MediaWikiApp - INFO - AVISO: Verificação SSL desabilitada
2025-07-30 22:54:26,388 - MediaWikiApp - INFO - INFO: Modo bypass de restrições ativado
2025-07-30 22:54:27,669 - MediaWikiApp - INFO - Conexão estabelecida com sucesso!
2025-07-30 22:54:32,593 - MediaWikiApp - INFO - Cache carregado com 7952 páginas
2025-07-30 22:54:41,437 - MediaWikiApp - INFO - Recurso de paginação em desenvolvimento. Mostrando 50 páginas.
2025-07-30 22:54:51,798 - MediaWikiApp - INFO - Recurso de paginação em desenvolvimento. Mostrando 50 páginas.
2025-07-30 22:55:13,730 - MediaWikiApp - INFO - Recurso de paginação em desenvolvimento. Mostrando 50 páginas.
2025-07-30 22:55:28,074 - MediaWikiApp - INFO - Recurso de paginação em desenvolvimento. Mostrando 50 páginas.
2025-07-30 23:02:10,595 - MediaWikiApp - INFO - Tentando conectar em: https://wiki.hepta.com.br/w/api.php
2025-07-30 23:02:10,597 - MediaWikiApp - INFO - AVISO: Verificação SSL desabilitada
2025-07-30 23:02:10,598 - MediaWikiApp - INFO - INFO: Modo bypass de restrições ativado
2025-07-30 23:02:11,898 - MediaWikiApp - INFO - Conexão estabelecida com sucesso!
2025-07-30 23:02:17,058 - MediaWikiApp - INFO - Cache carregado com 7952 páginas
2025-07-30 23:02:39,072 - MediaWikiApp - INFO - Navegação: Status='pending', Busca='' | Página 2 | Total: 7952 páginas
2025-07-30 23:02:49,941 - MediaWikiApp - INFO - Navegação: Status='pending', Busca='' | Página 160 | Total: 7952 páginas
2025-07-30 23:03:14,679 - MediaWikiApp - INFO - Navegação: Status='pending', Busca='' | Página 1 | Total: 7952 páginas
2025-07-30 23:03:28,948 - MediaWikiApp - INFO - Cache carregado com 7952 páginas
2025-07-30 23:03:58,978 - MediaWikiApp - INFO - Buscando páginas da API para atualizar cache...
2025-07-30 23:04:37,161 - MediaWikiApp - INFO - Cache atualizado: 7952 páginas (0 novas)
2025-07-30 23:07:43,910 - MediaWikiApp - INFO - Sistema de paginação ativo | Mostrando páginas pendentes | Total: 7,952
2025-07-30 23:08:49,070 - MediaWikiApp - INFO - Tentando conectar em: https://wiki.hepta.com.br/w/api.php
2025-07-30 23:08:49,072 - MediaWikiApp - INFO - AVISO: Verificação SSL desabilitada
2025-07-30 23:08:49,072 - MediaWikiApp - INFO - INFO: Modo bypass de restrições ativado
2025-07-30 23:08:50,270 - MediaWikiApp - INFO - Conexão estabelecida com sucesso!
2025-07-30 23:14:15,393 - MediaWikiApp - INFO - Tentando conectar em: https://wiki.hepta.com.br/w/api.php
2025-07-30 23:14:15,394 - MediaWikiApp - INFO - AVISO: Verificação SSL desabilitada
2025-07-30 23:14:15,395 - MediaWikiApp - INFO - INFO: Modo bypass de restrições ativado
2025-07-30 23:14:16,649 - MediaWikiApp - INFO - Conexão estabelecida com sucesso!
2025-07-30 23:14:26,328 - MediaWikiApp - INFO - Cache carregado com 7952 páginas | Sistema de paginação ativo
2025-07-30 23:14:35,329 - MediaWikiApp - INFO - Navegação: Status='pending', Busca='' | Página 2 | Total: 7952 páginas
2025-07-30 23:22:17,679 - MediaWikiApp - INFO - Tentando conectar em: https://wiki.hepta.com.br/w/api.php
2025-07-30 23:22:17,683 - MediaWikiApp - INFO - AVISO: Verificação SSL desabilitada
2025-07-30 23:22:17,683 - MediaWikiApp - INFO - INFO: Modo bypass de restrições ativado
2025-07-30 23:22:18,858 - MediaWikiApp - INFO - Conexão estabelecida com sucesso!
2025-07-30 23:22:25,636 - MediaWikiApp - INFO - Cache carregado com 7952 páginas | 7952 pendentes | Navegação ativa
2025-07-30 23:22:34,406 - MediaWikiApp - INFO - Navegação: Página 2 | Total: 7952 páginas pendentes
2025-07-30 23:24:50,911 - MediaWikiApp - INFO - Navegação: Página 3 | Total: 7952 páginas pendentes
2025-07-30 23:29:10,076 - MediaWikiApp - INFO - Tentando conectar em: https://wiki.hepta.com.br/w/api.php
2025-07-30 23:29:10,077 - MediaWikiApp - INFO - AVISO: Verificação SSL desabilitada
2025-07-30 23:29:10,077 - MediaWikiApp - INFO - INFO: Modo bypass de restrições ativado
2025-07-30 23:29:11,383 - MediaWikiApp - INFO - Conexão estabelecida com sucesso!
2025-07-30 23:30:04,694 - MediaWikiApp - INFO - Cache carregado com 7952 páginas | 7952 pendentes | Navegação ativa
2025-07-30 23:30:11,616 - MediaWikiApp - INFO - Navegação: Página 2 | Total: 7952 páginas pendentes
2025-07-30 23:30:19,267 - MediaWikiApp - INFO - Navegação: Página 3 | Total: 7952 páginas pendentes
2025-07-30 23:30:26,082 - MediaWikiApp - INFO - Navegação: Página 160 | Total: 7952 páginas pendentes
2025-07-30 23:30:30,258 - MediaWikiApp - INFO - Navegação: Página 1 | Total: 7952 páginas pendentes
2025-07-30 23:30:35,240 - MediaWikiApp - INFO - Navegação: Página 160 | Total: 7952 páginas pendentes
2025-07-30 23:30:36,468 - MediaWikiApp - INFO - Navegação: Página 159 | Total: 7952 páginas pendentes
2025-07-30 23:30:38,310 - MediaWikiApp - INFO - Navegação: Página 158 | Total: 7952 páginas pendentes
2025-07-30 23:30:39,154 - MediaWikiApp - INFO - Navegação: Página 157 | Total: 7952 páginas pendentes
2025-07-30 23:30:39,431 - MediaWikiApp - INFO - Navegação: Página 156 | Total: 7952 páginas pendentes
2025-07-30 23:30:39,697 - MediaWikiApp - INFO - Navegação: Página 155 | Total: 7952 páginas pendentes
2025-07-30 23:30:39,960 - MediaWikiApp - INFO - Navegação: Página 154 | Total: 7952 páginas pendentes
2025-07-30 23:30:40,223 - MediaWikiApp - INFO - Navegação: Página 153 | Total: 7952 páginas pendentes
2025-07-30 23:30:40,485 - MediaWikiApp - INFO - Navegação: Página 152 | Total: 7952 páginas pendentes
2025-07-30 23:30:40,755 - MediaWikiApp - INFO - Navegação: Página 151 | Total: 7952 páginas pendentes
2025-07-30 23:30:41,018 - MediaWikiApp - INFO - Navegação: Página 150 | Total: 7952 páginas pendentes
2025-07-30 23:30:41,279 - MediaWikiApp - INFO - Navegação: Página 149 | Total: 7952 páginas pendentes
2025-07-30 23:30:41,543 - MediaWikiApp - INFO - Navegação: Página 148 | Total: 7952 páginas pendentes
2025-07-30 23:30:41,808 - MediaWikiApp - INFO - Navegação: Página 147 | Total: 7952 páginas pendentes
2025-07-30 23:30:42,072 - MediaWikiApp - INFO - Navegação: Página 146 | Total: 7952 páginas pendentes
2025-07-30 23:30:42,351 - MediaWikiApp - INFO - Navegação: Página 145 | Total: 7952 páginas pendentes
2025-07-30 23:30:42,616 - MediaWikiApp - INFO - Navegação: Página 144 | Total: 7952 páginas pendentes
2025-07-30 23:30:42,893 - MediaWikiApp - INFO - Navegação: Página 143 | Total: 7952 páginas pendentes
2025-07-30 23:30:43,161 - MediaWikiApp - INFO - Navegação: Página 142 | Total: 7952 páginas pendentes
2025-07-30 23:30:43,432 - MediaWikiApp - INFO - Navegação: Página 141 | Total: 7952 páginas pendentes
2025-07-30 23:30:43,696 - MediaWikiApp - INFO - Navegação: Página 140 | Total: 7952 páginas pendentes
2025-07-30 23:30:43,963 - MediaWikiApp - INFO - Navegação: Página 139 | Total: 7952 páginas pendentes
2025-07-30 23:30:44,230 - MediaWikiApp - INFO - Navegação: Página 138 | Total: 7952 páginas pendentes
2025-07-30 23:30:44,496 - MediaWikiApp - INFO - Navegação: Página 137 | Total: 7952 páginas pendentes
2025-07-30 23:32:14,453 - MediaWikiApp - INFO - Navegação: Página 136 | Total: 7952 páginas pendentes
2025-07-30 23:32:14,733 - MediaWikiApp - INFO - Navegação: Página 135 | Total: 7952 páginas pendentes
2025-07-30 23:32:15,007 - MediaWikiApp - INFO - Navegação: Página 134 | Total: 7952 páginas pendentes
2025-07-30 23:32:15,274 - MediaWikiApp - INFO - Navegação: Página 133 | Total: 7952 páginas pendentes
2025-07-30 23:32:15,555 - MediaWikiApp - INFO - Navegação: Página 132 | Total: 7952 páginas pendentes
2025-07-30 23:32:15,819 - MediaWikiApp - INFO - Navegação: Página 131 | Total: 7952 páginas pendentes
2025-07-30 23:32:16,085 - MediaWikiApp - INFO - Navegação: Página 130 | Total: 7952 páginas pendentes
2025-07-30 23:32:16,347 - MediaWikiApp - INFO - Navegação: Página 129 | Total: 7952 páginas pendentes
2025-07-30 23:32:16,792 - MediaWikiApp - INFO - Navegação: Página 128 | Total: 7952 páginas pendentes
2025-07-30 23:32:17,077 - MediaWikiApp - INFO - Navegação: Página 127 | Total: 7952 páginas pendentes
2025-07-30 23:32:17,373 - MediaWikiApp - INFO - Navegação: Página 126 | Total: 7952 páginas pendentes
2025-07-30 23:32:17,639 - MediaWikiApp - INFO - Navegação: Página 125 | Total: 7952 páginas pendentes
2025-07-30 23:32:17,905 - MediaWikiApp - INFO - Navegação: Página 124 | Total: 7952 páginas pendentes
2025-07-30 23:32:18,173 - MediaWikiApp - INFO - Navegação: Página 123 | Total: 7952 páginas pendentes
2025-07-30 23:32:18,438 - MediaWikiApp - INFO - Navegação: Página 122 | Total: 7952 páginas pendentes
2025-07-30 23:32:18,707 - MediaWikiApp - INFO - Navegação: Página 121 | Total: 7952 páginas pendentes
2025-07-30 23:32:18,979 - MediaWikiApp - INFO - Navegação: Página 120 | Total: 7952 páginas pendentes
2025-07-30 23:32:19,259 - MediaWikiApp - INFO - Navegação: Página 119 | Total: 7952 páginas pendentes
2025-07-30 23:32:19,528 - MediaWikiApp - INFO - Navegação: Página 118 | Total: 7952 páginas pendentes
2025-07-30 23:32:19,793 - MediaWikiApp - INFO - Navegação: Página 117 | Total: 7952 páginas pendentes
2025-07-30 23:32:20,062 - MediaWikiApp - INFO - Navegação: Página 116 | Total: 7952 páginas pendentes
2025-07-30 23:32:20,328 - MediaWikiApp - INFO - Navegação: Página 115 | Total: 7952 páginas pendentes
2025-07-30 23:32:20,613 - MediaWikiApp - INFO - Navegação: Página 114 | Total: 7952 páginas pendentes
2025-07-30 23:32:20,896 - MediaWikiApp - INFO - Navegação: Página 113 | Total: 7952 páginas pendentes
2025-07-30 23:32:21,164 - MediaWikiApp - INFO - Navegação: Página 112 | Total: 7952 páginas pendentes
2025-07-30 23:32:21,458 - MediaWikiApp - INFO - Navegação: Página 111 | Total: 7952 páginas pendentes
2025-07-30 23:32:21,727 - MediaWikiApp - INFO - Navegação: Página 110 | Total: 7952 páginas pendentes
2025-07-30 23:32:21,994 - MediaWikiApp - INFO - Navegação: Página 109 | Total: 7952 páginas pendentes
2025-07-30 23:32:22,261 - MediaWikiApp - INFO - Navegação: Página 108 | Total: 7952 páginas pendentes
2025-07-30 23:32:22,526 - MediaWikiApp - INFO - Navegação: Página 107 | Total: 7952 páginas pendentes
2025-07-30 23:32:22,790 - MediaWikiApp - INFO - Navegação: Página 106 | Total: 7952 páginas pendentes
2025-07-30 23:32:23,066 - MediaWikiApp - INFO - Navegação: Página 105 | Total: 7952 páginas pendentes
2025-07-30 23:32:23,328 - MediaWikiApp - INFO - Navegação: Página 104 | Total: 7952 páginas pendentes
2025-07-30 23:32:23,603 - MediaWikiApp - INFO - Navegação: Página 103 | Total: 7952 páginas pendentes
2025-07-30 23:32:23,866 - MediaWikiApp - INFO - Navegação: Página 102 | Total: 7952 páginas pendentes
2025-07-30 23:32:24,128 - MediaWikiApp - INFO - Navegação: Página 101 | Total: 7952 páginas pendentes
2025-07-30 23:32:24,392 - MediaWikiApp - INFO - Navegação: Página 100 | Total: 7952 páginas pendentes
2025-07-30 23:32:24,656 - MediaWikiApp - INFO - Navegação: Página 99 | Total: 7952 páginas pendentes
2025-07-30 23:32:24,917 - MediaWikiApp - INFO - Navegação: Página 98 | Total: 7952 páginas pendentes
2025-07-30 23:32:25,186 - MediaWikiApp - INFO - Navegação: Página 97 | Total: 7952 páginas pendentes
2025-07-30 23:32:25,446 - MediaWikiApp - INFO - Navegação: Página 96 | Total: 7952 páginas pendentes
2025-07-30 23:32:25,731 - MediaWikiApp - INFO - Navegação: Página 95 | Total: 7952 páginas pendentes
2025-07-30 23:32:25,994 - MediaWikiApp - INFO - Navegação: Página 94 | Total: 7952 páginas pendentes
2025-07-30 23:32:26,259 - MediaWikiApp - INFO - Navegação: Página 93 | Total: 7952 páginas pendentes
2025-07-30 23:32:26,525 - MediaWikiApp - INFO - Navegação: Página 92 | Total: 7952 páginas pendentes
2025-07-30 23:32:26,793 - MediaWikiApp - INFO - Navegação: Página 91 | Total: 7952 páginas pendentes
2025-07-30 23:32:27,058 - MediaWikiApp - INFO - Navegação: Página 90 | Total: 7952 páginas pendentes
2025-07-30 23:32:27,360 - MediaWikiApp - INFO - Navegação: Página 89 | Total: 7952 páginas pendentes
2025-07-30 23:32:27,622 - MediaWikiApp - INFO - Navegação: Página 88 | Total: 7952 páginas pendentes
2025-07-30 23:32:30,342 - MediaWikiApp - INFO - Navegação: Página 87 | Total: 7952 páginas pendentes
2025-07-30 23:32:30,636 - MediaWikiApp - INFO - Navegação: Página 86 | Total: 7952 páginas pendentes
2025-07-30 23:32:30,902 - MediaWikiApp - INFO - Navegação: Página 85 | Total: 7952 páginas pendentes
2025-07-30 23:32:31,162 - MediaWikiApp - INFO - Navegação: Página 84 | Total: 7952 páginas pendentes
2025-07-30 23:33:57,496 - MediaWikiApp - INFO - Tentando conectar em: https://wiki.hepta.com.br/w/api.php
2025-07-30 23:33:57,499 - MediaWikiApp - INFO - AVISO: Verificação SSL desabilitada
2025-07-30 23:33:57,501 - MediaWikiApp - INFO - INFO: Modo bypass de restrições ativado
2025-07-30 23:33:59,197 - MediaWikiApp - INFO - ERRO: Falha na autenticação
2025-07-30 23:34:03,696 - MediaWikiApp - INFO - Tentando conectar em: https://wiki.hepta.com.br/w/api.php
2025-07-30 23:34:03,697 - MediaWikiApp - INFO - AVISO: Verificação SSL desabilitada
2025-07-30 23:34:03,698 - MediaWikiApp - INFO - INFO: Modo bypass de restrições ativado
2025-07-30 23:34:04,748 - MediaWikiApp - INFO - Conexão estabelecida com sucesso!
2025-07-30 23:34:13,728 - MediaWikiApp - INFO - Cache carregado com 7952 páginas | 7952 pendentes | Navegação ativa
